[2020-12-30 21:42:36] [2020-12-30 21:42:36 PM] Episode: 1/10000 Step: 151/2000 - Performance:
     coinbase:/USD-BTC  coinbase:/USD:/free  ...  coinbase:/BTC:/worth     net_worth
0             10640.00             10000.00  ...              0.000000  10000.000000
1             10659.00             10000.00  ...              0.000000  10000.000000
2             10654.95              5000.00  ...           4983.105844   9983.105844
3             10660.67              1000.00  ...           8975.921890   9975.921890
4             10662.10               700.00  ...           9276.266044   9976.266044
..                 ...                  ...  ...                   ...           ...
146           11391.31              5390.04  ...           3606.725230   8996.765230
147           11435.00              7547.58  ...           1448.223310   8995.803310
148           11450.28              3019.03  ...           5971.151556   8990.181556
149           11439.85               603.81  ...           8371.489011   8975.299011
150           11427.98               181.14  ...           8783.765531   8964.905531

[151 rows x 9 columns]
[2020-12-30 21:42:39] [2020-12-30 21:42:39 PM] Episode: 1/10000 Step: 201/2000 - Performance:
     coinbase:/USD-BTC  coinbase:/USD:/free  ...  coinbase:/BTC:/worth     net_worth
0             10640.00             10000.00  ...              0.000000  10000.000000
1             10659.00             10000.00  ...              0.000000  10000.000000
2             10654.95              5000.00  ...           4983.105844   9983.105844
3             10660.67              1000.00  ...           8975.921890   9975.921890
4             10662.10               700.00  ...           9276.266044   9976.266044
..                 ...                  ...  ...                   ...           ...
196           11500.84              2956.75  ...           5833.478261   8790.228261
197           11484.99              1182.70  ...           7591.731255   8774.431255
198           11511.11               473.08  ...           8318.095918   8791.175918
199           11510.21               189.23  ...           8600.423387   8789.653387
200           11538.20                75.69  ...           8734.812814   8810.502814

[201 rows x 9 columns]
