[2020-12-30 21:56:40] [2020-12-30 21:56:40 PM] Episode: 1/10000 Step: 151/2000 - Performance:
     coinbase:/USD-BTC  coinbase:/USD:/free  ...  coinbase:/BTC:/worth     net_worth
0             10640.00             10000.00  ...              0.000000  10000.000000
1             10659.00              4000.00  ...           5992.682195   9992.682195
2             10654.95              6389.88  ...           3594.243127   9984.123127
3             10660.67              6389.88  ...           3596.172659   9986.052659
4             10662.10              8899.65  ...           1078.996523   9978.646523
..                 ...                  ...  ...                   ...           ...
146           11391.31               444.23  ...           8891.405914   9335.635914
147           11435.00                 0.00  ...           9370.106579   9370.106579
148           11450.28              7473.60  ...           1876.525474   9350.125474
149           11439.85              8221.96  ...           1124.889717   9346.849717
150           11427.98              5755.37  ...           3580.360878   9335.730878

[151 rows x 9 columns]
[2020-12-30 21:56:42] [2020-12-30 21:56:42 PM] Episode: 1/10000 Step: 201/2000 - Performance:
     coinbase:/USD-BTC  coinbase:/USD:/free  ...  coinbase:/BTC:/worth     net_worth
0             10640.00             10000.00  ...              0.000000  10000.000000
1             10659.00              4000.00  ...           5992.682195   9992.682195
2             10654.95              6389.88  ...           3594.243127   9984.123127
3             10660.67              6389.88  ...           3596.172659   9986.052659
4             10662.10              8899.65  ...           1078.996523   9978.646523
..                 ...                  ...  ...                   ...           ...
196           11500.84              8395.06  ...            817.167114   9212.227114
197           11484.99              4197.53  ...           4995.213445   9192.743445
198           11511.11              3777.78  ...           5426.015634   9203.795634
199           11510.21              4859.73  ...           4340.473142   9200.203142
200           11538.20              7888.95  ...           1305.308489   9194.258489

[201 rows x 9 columns]
[2020-12-30 21:56:45] [2020-12-30 21:56:45 PM] Episode: 1/10000 Step: 251/2000 - Performance:
     coinbase:/USD-BTC  coinbase:/USD:/free  ...  coinbase:/BTC:/worth     net_worth
0             10640.00             10000.00  ...              0.000000  10000.000000
1             10659.00              4000.00  ...           5992.682195   9992.682195
2             10654.95              6389.88  ...           3594.243127   9984.123127
3             10660.67              6389.88  ...           3596.172659   9986.052659
4             10662.10              8899.65  ...           1078.996523   9978.646523
..                 ...                  ...  ...                   ...           ...
246           11365.80              6452.85  ...           2608.444962   9061.294962
247           11376.75              6712.91  ...           2349.862138   9062.772138
248           11397.47              8118.60  ...            941.656692   9060.256692
249           11382.02              8118.60  ...            940.380216   9058.980216
250           11375.67              8118.60  ...            939.855580   9058.455580

[251 rows x 9 columns]
[2020-12-30 21:56:48] [2020-12-30 21:56:48 PM] Episode: 1/10000 Step: 301/2000 - Performance:
     coinbase:/USD-BTC  coinbase:/USD:/free  ...  coinbase:/BTC:/worth     net_worth
0             10640.00             10000.00  ...              0.000000  10000.000000
1             10659.00              4000.00  ...           5992.682195   9992.682195
2             10654.95              6389.88  ...           3594.243127   9984.123127
3             10660.67              6389.88  ...           3596.172659   9986.052659
4             10662.10              8899.65  ...           1078.996523   9978.646523
..                 ...                  ...  ...                   ...           ...
296           11695.00              1960.16  ...           7001.252566   8961.412566
297           11727.46               392.03  ...           8588.454281   8980.484281
298           11740.30              1248.30  ...           7738.071764   8986.371764
299           11722.53              2019.79  ...           6953.723559   8973.513559
300           11763.72              2713.08  ...           6280.341428   8993.421428

[301 rows x 9 columns]
[2020-12-30 21:56:51] [2020-12-30 21:56:51 PM] Episode: 1/10000 Step: 351/2000 - Performance:
     coinbase:/USD-BTC  coinbase:/USD:/free  ...  coinbase:/BTC:/worth     net_worth
0             10640.00             10000.00  ...              0.000000  10000.000000
1             10659.00              4000.00  ...           5992.682195   9992.682195
2             10654.95              6389.88  ...           3594.243127   9984.123127
3             10660.67              6389.88  ...           3596.172659   9986.052659
4             10662.10              8899.65  ...           1078.996523   9978.646523
..                 ...                  ...  ...                   ...           ...
346           12734.00              7460.81  ...           1625.224120   9086.034120
347           12759.60              7460.81  ...           1628.491416   9089.301416
348           12769.81              8272.61  ...            814.897252   9087.507252
349           12818.78              8272.61  ...            818.022242   9090.632242
350           12773.45              8272.61  ...            815.129537   9087.739537

[351 rows x 9 columns]
[2020-12-30 21:56:54] [2020-12-30 21:56:54 PM] Episode: 1/10000 Step: 401/2000 - Performance:
     coinbase:/USD-BTC  coinbase:/USD:/free  ...  coinbase:/BTC:/worth     net_worth
0             10640.00             10000.00  ...              0.000000  10000.000000
1             10659.00              4000.00  ...           5992.682195   9992.682195
2             10654.95              6389.88  ...           3594.243127   9984.123127
3             10660.67              6389.88  ...           3596.172659   9986.052659
4             10662.10              8899.65  ...           1078.996523   9978.646523
..                 ...                  ...  ...                   ...           ...
396           12980.67              3611.94  ...           5465.138558   9077.078558
397           12970.50              4156.81  ...           4914.771094   9071.581094
398           12932.76              4646.81  ...           4410.423578   9057.233578
399           12950.97              5086.53  ...           3974.970251   9061.500251
400           12963.55              5482.83  ...           3580.948251   9063.778251

[401 rows x 9 columns]
[2020-12-30 21:56:56] [2020-12-30 21:56:56 PM] Episode: 1/10000 Step: 451/2000 - Performance:
     coinbase:/USD-BTC  coinbase:/USD:/free  ...  coinbase:/BTC:/worth     net_worth
0             10640.00             10000.00  ...              0.000000  10000.000000
1             10659.00              4000.00  ...           5992.682195   9992.682195
2             10654.95              6389.88  ...           3594.243127   9984.123127
3             10660.67              6389.88  ...           3596.172659   9986.052659
4             10662.10              8899.65  ...           1078.996523   9978.646523
..                 ...                  ...  ...                   ...           ...
446           13037.59              3093.39  ...           5888.303275   8981.693275
447           13061.82              3680.45  ...           5309.321832   8989.771832
448           13100.00              2576.32  ...           6428.878841   9005.198841
449           13115.00              3217.28  ...           5792.616151   9009.896151
450           13152.24              3794.80  ...           5228.157839   9022.957839

[451 rows x 9 columns]
[2020-12-30 21:56:59] [2020-12-30 21:56:59 PM] Episode: 1/10000 Step: 501/2000 - Performance:
     coinbase:/USD-BTC  coinbase:/USD:/free  ...  coinbase:/BTC:/worth     net_worth
0             10640.00             10000.00  ...              0.000000  10000.000000
1             10659.00              4000.00  ...           5992.682195   9992.682195
2             10654.95              6389.88  ...           3594.243127   9984.123127
3             10660.67              6389.88  ...           3596.172659   9986.052659
4             10662.10              8899.65  ...           1078.996523   9978.646523
..                 ...                  ...  ...                   ...           ...
496           13605.66              7259.69  ...           1756.146619   9015.836619
497           13569.50              7259.69  ...           1751.479277   9011.169277
498           13325.87              7259.69  ...           1720.032806   8979.722806
499           13296.04              7259.69  ...           1716.182507   8975.872507
500           13122.63              7259.69  ...           1693.799662   8953.489662

[501 rows x 9 columns]
[2020-12-30 21:57:02] [2020-12-30 21:57:02 PM] Episode: 1/10000 Step: 551/2000 - Performance:
     coinbase:/USD-BTC  coinbase:/USD:/free  ...  coinbase:/BTC:/worth     net_worth
0             10640.00             10000.00  ...              0.000000  10000.000000
1             10659.00              4000.00  ...           5992.682195   9992.682195
2             10654.95              6389.88  ...           3594.243127   9984.123127
3             10660.67              6389.88  ...           3596.172659   9986.052659
4             10662.10              8899.65  ...           1078.996523   9978.646523
..                 ...                  ...  ...                   ...           ...
546           13365.93              3528.51  ...           5469.023521   8997.533521
547           13340.09              4073.77  ...           4912.605402   8986.375402
548           13280.98              4563.56  ...           4401.753849   8965.313849
549           13377.90              5002.41  ...           3990.488707   8992.898707
550           13562.26              5400.26  ...           3640.933271   9041.193271

[551 rows x 9 columns]
[2020-12-30 21:57:06] [2020-12-30 21:57:06 PM] Episode: 1/10000 Step: 601/2000 - Performance:
     coinbase:/USD-BTC  coinbase:/USD:/free  ...  coinbase:/BTC:/worth     net_worth
0             10640.00             10000.00  ...              0.000000  10000.000000
1             10659.00              4000.00  ...           5992.682195   9992.682195
2             10654.95              6389.88  ...           3594.243127   9984.123127
3             10660.67              6389.88  ...           3596.172659   9986.052659
4             10662.10              8899.65  ...           1078.996523   9978.646523
..                 ...                  ...  ...                   ...           ...
596           13797.93              8969.27  ...             48.746983   9018.016983
597           13804.82              8969.27  ...             48.771325   9018.041325
598           13809.03              8969.27  ...             48.786198   9018.056198
599           13809.35              8969.27  ...             48.787329   9018.057329
600           13820.38              8969.27  ...             48.826297   9018.096297

[601 rows x 9 columns]
[2020-12-30 21:57:08] [2020-12-30 21:57:08 PM] Episode: 1/10000 Step: 651/2000 - Performance:
     coinbase:/USD-BTC  coinbase:/USD:/free  ...  coinbase:/BTC:/worth     net_worth
0             10640.00             10000.00  ...              0.000000  10000.000000
1             10659.00              4000.00  ...           5992.682195   9992.682195
2             10654.95              6389.88  ...           3594.243127   9984.123127
3             10660.67              6389.88  ...           3596.172659   9986.052659
4             10662.10              8899.65  ...           1078.996523   9978.646523
..                 ...                  ...  ...                   ...           ...
646           13713.79              7195.62  ...           1739.621826   8935.241826
647           13725.37              1439.12  ...           7485.167039   8924.287039
648           13748.50              2185.39  ...           6748.002886   8933.392886
649           13753.99              2858.17  ...           6075.627713   8933.797713
650           13731.02              3463.91  ...           5458.933009   8922.843009

[651 rows x 9 columns]
[2020-12-30 21:57:11] [2020-12-30 21:57:11 PM] Episode: 1/10000 Step: 701/2000 - Performance:
     coinbase:/USD-BTC  coinbase:/USD:/free  ...  coinbase:/BTC:/worth     net_worth
0             10640.00             10000.00  ...              0.000000  10000.000000
1             10659.00              4000.00  ...           5992.682195   9992.682195
2             10654.95              6389.88  ...           3594.243127   9984.123127
3             10660.67              6389.88  ...           3596.172659   9986.052659
4             10662.10              8899.65  ...           1078.996523   9978.646523
..                 ...                  ...  ...                   ...           ...
696           15057.74              3243.05  ...           5732.823429   8975.873429
697           14959.82              3814.61  ...           5125.988756   8940.598756
698           15146.23              4325.67  ...           4670.876046   8996.546046
699           15103.70              4791.36  ...           4191.984358   8983.344358
700           15245.02              5209.30  ...           3808.086475   9017.386475

[701 rows x 9 columns]
[2020-12-30 21:57:14] [2020-12-30 21:57:14 PM] Episode: 1/10000 Step: 751/2000 - Performance:
     coinbase:/USD-BTC  coinbase:/USD:/free  ...  coinbase:/BTC:/worth     net_worth
0             10640.00             10000.00  ...              0.000000  10000.000000
1             10659.00              4000.00  ...           5992.682195   9992.682195
2             10654.95              6389.88  ...           3594.243127   9984.123127
3             10660.67              6389.88  ...           3596.172659   9986.052659
4             10662.10              8899.65  ...           1078.996523   9978.646523
..                 ...                  ...  ...                   ...           ...
746           14652.49              5855.34  ...           2985.485571   8840.825571
747           14875.44              6152.99  ...           2727.820999   8880.810999
748           14831.36              6424.95  ...           2447.763947   8872.713947
749           14824.80              8865.37  ...              0.000000   8865.370000
750           14838.97              8865.37  ...              0.000000   8865.370000

[751 rows x 9 columns]
[2020-12-30 21:57:18] [2020-12-30 21:57:18 PM] Episode: 1/10000 Step: 801/2000 - Performance:
     coinbase:/USD-BTC  coinbase:/USD:/free  ...  coinbase:/BTC:/worth     net_worth
0             10640.00             10000.00  ...              0.000000  10000.000000
1             10659.00              4000.00  ...           5992.682195   9992.682195
2             10654.95              6389.88  ...           3594.243127   9984.123127
3             10660.67              6389.88  ...           3596.172659   9986.052659
4             10662.10              8899.65  ...           1078.996523   9978.646523
..                 ...                  ...  ...                   ...           ...
796           15392.70              8865.37  ...              0.000000   8865.370000
797           15260.56              8865.37  ...              0.000000   8865.370000
798           15332.04              8865.37  ...              0.000000   8865.370000
799           15312.55              8865.37  ...              0.000000   8865.370000
800           15397.50              8865.37  ...              0.000000   8865.370000

[801 rows x 9 columns]
[2020-12-30 21:57:21] [2020-12-30 21:57:21 PM] Episode: 1/10000 Step: 851/2000 - Performance:
     coinbase:/USD-BTC  coinbase:/USD:/free  ...  coinbase:/BTC:/worth     net_worth
0             10640.00             10000.00  ...              0.000000  10000.000000
1             10659.00              4000.00  ...           5992.682195   9992.682195
2             10654.95              6389.88  ...           3594.243127   9984.123127
3             10660.67              6389.88  ...           3596.172659   9986.052659
4             10662.10              8899.65  ...           1078.996523   9978.646523
..                 ...                  ...  ...                   ...           ...
846           15707.89              7259.09  ...           1598.075647   8857.165647
847           15636.18              7259.09  ...           1590.780077   8849.870077
848           15658.41              7259.09  ...           1593.041694   8852.131694
849           15646.46              7259.09  ...           1591.825935   8850.915935
850           15665.55              7259.09  ...           1593.768097   8852.858097

[851 rows x 9 columns]
